2021-07-08 19:28:54,825 - INFO - allennlp.common.params - random_seed = 13370
2021-07-08 19:28:54,825 - INFO - allennlp.common.params - numpy_seed = 1337
2021-07-08 19:28:54,825 - INFO - allennlp.common.params - pytorch_seed = 133
2021-07-08 19:28:54,843 - INFO - allennlp.common.checks - Pytorch version: 1.7.0
2021-07-08 19:28:54,844 - INFO - allennlp.common.params - type = default
2021-07-08 19:28:54,844 - INFO - allennlp.common.params - dataset_reader.type = data_reader
2021-07-08 19:28:54,844 - INFO - allennlp.common.params - dataset_reader.max_instances = None
2021-07-08 19:28:54,844 - INFO - allennlp.common.params - dataset_reader.manual_distributed_sharding = False
2021-07-08 19:28:54,844 - INFO - allennlp.common.params - dataset_reader.manual_multiprocess_sharding = False
2021-07-08 19:28:54,845 - INFO - allennlp.common.params - dataset_reader.tokenizer.type = pretrained_transformer
2021-07-08 19:28:54,845 - INFO - allennlp.common.params - dataset_reader.tokenizer.model_name = hfl/chinese-bert-wwm
2021-07-08 19:28:54,845 - INFO - allennlp.common.params - dataset_reader.tokenizer.add_special_tokens = True
2021-07-08 19:28:54,845 - INFO - allennlp.common.params - dataset_reader.tokenizer.max_length = None
2021-07-08 19:28:54,845 - INFO - allennlp.common.params - dataset_reader.tokenizer.tokenizer_kwargs = None
2021-07-08 19:29:12,052 - INFO - allennlp.common.params - dataset_reader.token_indexers.bert.type = pretrained_transformer
2021-07-08 19:29:12,052 - INFO - allennlp.common.params - dataset_reader.token_indexers.bert.token_min_padding_length = 0
2021-07-08 19:29:12,052 - INFO - allennlp.common.params - dataset_reader.token_indexers.bert.model_name = hfl/chinese-bert-wwm
2021-07-08 19:29:12,052 - INFO - allennlp.common.params - dataset_reader.token_indexers.bert.namespace = tags
2021-07-08 19:29:12,052 - INFO - allennlp.common.params - dataset_reader.token_indexers.bert.max_length = None
2021-07-08 19:29:12,052 - INFO - allennlp.common.params - dataset_reader.token_indexers.bert.tokenizer_kwargs = None
2021-07-08 19:29:12,052 - INFO - allennlp.common.params - dataset_reader.max_tokens = 512
2021-07-08 19:29:12,053 - INFO - allennlp.common.params - dataset_reader.text_num = 500
2021-07-08 19:29:12,053 - INFO - allennlp.common.params - train_data_path = data/train.txt
2021-07-08 19:29:12,053 - INFO - allennlp.common.params - vocabulary = <allennlp.common.lazy.Lazy object at 0x7f6dccad6eb8>
2021-07-08 19:29:12,053 - INFO - allennlp.common.params - datasets_for_vocab_creation = None
2021-07-08 19:29:12,053 - INFO - allennlp.common.params - validation_dataset_reader = None
2021-07-08 19:29:12,053 - INFO - allennlp.common.params - validation_data_path = data/dev.txt
2021-07-08 19:29:12,053 - INFO - allennlp.common.params - validation_data_loader = None
2021-07-08 19:29:12,053 - INFO - allennlp.common.params - test_data_path = None
2021-07-08 19:29:12,053 - INFO - allennlp.common.params - evaluate_on_test = False
2021-07-08 19:29:12,053 - INFO - allennlp.common.params - batch_weight_key = 
2021-07-08 19:29:12,053 - INFO - allennlp.common.params - data_loader.type = multiprocess
2021-07-08 19:29:12,054 - INFO - allennlp.common.params - data_loader.batch_size = 16
2021-07-08 19:29:12,054 - INFO - allennlp.common.params - data_loader.drop_last = False
2021-07-08 19:29:12,054 - INFO - allennlp.common.params - data_loader.shuffle = True
2021-07-08 19:29:12,054 - INFO - allennlp.common.params - data_loader.batch_sampler = None
2021-07-08 19:29:12,054 - INFO - allennlp.common.params - data_loader.batches_per_epoch = None
2021-07-08 19:29:12,054 - INFO - allennlp.common.params - data_loader.num_workers = 8
2021-07-08 19:29:12,054 - INFO - allennlp.common.params - data_loader.max_instances_in_memory = None
2021-07-08 19:29:12,054 - INFO - allennlp.common.params - data_loader.start_method = fork
2021-07-08 19:29:12,054 - INFO - allennlp.common.params - data_loader.cuda_device = None
2021-07-08 19:29:12,054 - INFO - allennlp.common.params - data_loader.quiet = False
2021-07-08 19:29:12,070 - INFO - tqdm - loading instances: 0it [00:00, ?it/s]
2021-07-08 19:29:12,226 - INFO - allennlp.common.params - data_loader.type = multiprocess
2021-07-08 19:29:12,227 - INFO - allennlp.common.params - data_loader.batch_size = 16
2021-07-08 19:29:12,227 - INFO - allennlp.common.params - data_loader.drop_last = False
2021-07-08 19:29:12,227 - INFO - allennlp.common.params - data_loader.shuffle = True
2021-07-08 19:29:12,227 - INFO - allennlp.common.params - data_loader.batch_sampler = None
2021-07-08 19:29:12,227 - INFO - allennlp.common.params - data_loader.batches_per_epoch = None
2021-07-08 19:29:12,227 - INFO - allennlp.common.params - data_loader.num_workers = 8
2021-07-08 19:29:12,227 - INFO - allennlp.common.params - data_loader.max_instances_in_memory = None
2021-07-08 19:29:12,227 - INFO - allennlp.common.params - data_loader.start_method = fork
2021-07-08 19:29:12,227 - INFO - allennlp.common.params - data_loader.cuda_device = None
2021-07-08 19:29:12,227 - INFO - allennlp.common.params - data_loader.quiet = False
2021-07-08 19:29:12,242 - INFO - tqdm - loading instances: 0it [00:00, ?it/s]
2021-07-08 19:29:12,357 - INFO - allennlp.common.params - type = from_instances
2021-07-08 19:29:12,358 - INFO - allennlp.common.params - min_count = None
2021-07-08 19:29:12,358 - INFO - allennlp.common.params - max_vocab_size = None
2021-07-08 19:29:12,358 - INFO - allennlp.common.params - non_padded_namespaces = ('*tags', '*labels')
2021-07-08 19:29:12,358 - INFO - allennlp.common.params - pretrained_files = None
2021-07-08 19:29:12,358 - INFO - allennlp.common.params - only_include_pretrained_words = False
2021-07-08 19:29:12,358 - INFO - allennlp.common.params - tokens_to_add = None
2021-07-08 19:29:12,358 - INFO - allennlp.common.params - min_pretrained_embeddings = None
2021-07-08 19:29:12,358 - INFO - allennlp.common.params - padding_token = @@PADDING@@
2021-07-08 19:29:12,358 - INFO - allennlp.common.params - oov_token = @@UNKNOWN@@
2021-07-08 19:29:12,358 - INFO - allennlp.data.vocabulary - Fitting token dictionary from dataset.
2021-07-08 19:29:12,358 - INFO - tqdm - building vocab: 0it [00:00, ?it/s]
2021-07-08 19:29:12,365 - INFO - allennlp.common.params - model.type = tagger
2021-07-08 19:29:12,366 - INFO - allennlp.common.params - model.embedder.type = basic
2021-07-08 19:29:12,366 - CRITICAL - root - Uncaught exception
Traceback (most recent call last):
  File "/home/hadoop/anaconda3/envs/allennlp/lib/python3.6/site-packages/allennlp/common/params.py", line 238, in pop
    value = self.params.pop(key)
KeyError: 'token_embedders'

During handling of the above exception, another exception occurred:

Traceback (most recent call last):
  File "/home/hadoop/anaconda3/envs/allennlp/bin/allennlp", line 8, in <module>
    sys.exit(run())
  File "/home/hadoop/anaconda3/envs/allennlp/lib/python3.6/site-packages/allennlp/__main__.py", line 34, in run
    main(prog="allennlp")
  File "/home/hadoop/anaconda3/envs/allennlp/lib/python3.6/site-packages/allennlp/commands/__init__.py", line 119, in main
    args.func(args)
  File "/home/hadoop/anaconda3/envs/allennlp/lib/python3.6/site-packages/allennlp/commands/train.py", line 119, in train_model_from_args
    file_friendly_logging=args.file_friendly_logging,
  File "/home/hadoop/anaconda3/envs/allennlp/lib/python3.6/site-packages/allennlp/commands/train.py", line 178, in train_model_from_file
    file_friendly_logging=file_friendly_logging,
  File "/home/hadoop/anaconda3/envs/allennlp/lib/python3.6/site-packages/allennlp/commands/train.py", line 242, in train_model
    file_friendly_logging=file_friendly_logging,
  File "/home/hadoop/anaconda3/envs/allennlp/lib/python3.6/site-packages/allennlp/commands/train.py", line 456, in _train_worker
    local_rank=process_rank,
  File "/home/hadoop/anaconda3/envs/allennlp/lib/python3.6/site-packages/allennlp/common/from_params.py", line 593, in from_params
    **extras,
  File "/home/hadoop/anaconda3/envs/allennlp/lib/python3.6/site-packages/allennlp/common/from_params.py", line 623, in from_params
    return constructor_to_call(**kwargs)  # type: ignore
  File "/home/hadoop/anaconda3/envs/allennlp/lib/python3.6/site-packages/allennlp/commands/train.py", line 712, in from_partial_objects
    model_ = model.construct(vocab=vocabulary_, serialization_dir=serialization_dir)
  File "/home/hadoop/anaconda3/envs/allennlp/lib/python3.6/site-packages/allennlp/common/lazy.py", line 80, in construct
    return self.constructor(**contructor_kwargs)
  File "/home/hadoop/anaconda3/envs/allennlp/lib/python3.6/site-packages/allennlp/common/lazy.py", line 66, in constructor_to_use
    **kwargs,
  File "/home/hadoop/anaconda3/envs/allennlp/lib/python3.6/site-packages/allennlp/common/from_params.py", line 593, in from_params
    **extras,
  File "/home/hadoop/anaconda3/envs/allennlp/lib/python3.6/site-packages/allennlp/common/from_params.py", line 621, in from_params
    kwargs = create_kwargs(constructor_to_inspect, cls, params, **extras)
  File "/home/hadoop/anaconda3/envs/allennlp/lib/python3.6/site-packages/allennlp/common/from_params.py", line 200, in create_kwargs
    cls.__name__, param_name, annotation, param.default, params, **extras
  File "/home/hadoop/anaconda3/envs/allennlp/lib/python3.6/site-packages/allennlp/common/from_params.py", line 307, in pop_and_construct_arg
    return construct_arg(class_name, name, popped_params, annotation, default, **extras)
  File "/home/hadoop/anaconda3/envs/allennlp/lib/python3.6/site-packages/allennlp/common/from_params.py", line 341, in construct_arg
    return annotation.from_params(params=popped_params, **subextras)
  File "/home/hadoop/anaconda3/envs/allennlp/lib/python3.6/site-packages/allennlp/common/from_params.py", line 593, in from_params
    **extras,
  File "/home/hadoop/anaconda3/envs/allennlp/lib/python3.6/site-packages/allennlp/common/from_params.py", line 621, in from_params
    kwargs = create_kwargs(constructor_to_inspect, cls, params, **extras)
  File "/home/hadoop/anaconda3/envs/allennlp/lib/python3.6/site-packages/allennlp/common/from_params.py", line 200, in create_kwargs
    cls.__name__, param_name, annotation, param.default, params, **extras
  File "/home/hadoop/anaconda3/envs/allennlp/lib/python3.6/site-packages/allennlp/common/from_params.py", line 303, in pop_and_construct_arg
    popped_params = params.pop(name, default) if default != _NO_DEFAULT else params.pop(name)
  File "/home/hadoop/anaconda3/envs/allennlp/lib/python3.6/site-packages/allennlp/common/params.py", line 243, in pop
    raise ConfigurationError(msg)
allennlp.common.checks.ConfigurationError: key "token_embedders" is required at location "model.embedder."
